# JRE version: Java(TM) SE Runtime Environment (8.0_111-b14) (build 1.8.0_111-b14)
# Java VM: Java HotSpot(TM) 64-Bit Server VM (25.111-b14 mixed mode linux-amd64 compressed oops)
Heap:
 PSYoungGen      total 36864K, used 17458K [0x00000000d7200000, 0x00000000d9b00000, 0x0000000100000000)
  eden space 31744K, 54% used [0x00000000d7200000,0x00000000d830cad8,0x00000000d9100000)
  from space 5120K, 0% used [0x00000000d9600000,0x00000000d9600000,0x00000000d9b00000)
  to   space 5120K, 0% used [0x00000000d9100000,0x00000000d9100000,0x00000000d9600000)
 ParOldGen       total 106496K, used 30666K [0x0000000085600000, 0x000000008be00000, 0x00000000d7200000)
  object space 106496K, 28% used [0x0000000085600000,0x00000000873f2bb0,0x000000008be00000)
 Metaspace       used 22000K, capacity 22940K, committed 23040K, reserved 1069056K
  class space    used 3041K, capacity 3256K, committed 3328K, reserved 1048576K
GC Heap History (6 events):
Event: 1,211 GC heap before
{Heap before GC invocations=1 (full 0):
 PSYoungGen      total 36864K, used 31744K [0x00000000d7200000, 0x00000000d9b00000, 0x0000000100000000)
  eden space 31744K, 100% used [0x00000000d7200000,0x00000000d9100000,0x00000000d9100000)
  from space 5120K, 0% used [0x00000000d9600000,0x00000000d9600000,0x00000000d9b00000)
  to   space 5120K, 0% used [0x00000000d9100000,0x00000000d9100000,0x00000000d9600000)
 ParOldGen       total 84992K, used 0K [0x0000000085600000, 0x000000008a900000, 0x00000000d7200000)
  object space 84992K, 0% used [0x0000000085600000,0x0000000085600000,0x000000008a900000)
 Metaspace       used 13946K, capacity 14486K, committed 14720K, reserved 1062912K
  class space    used 1935K, capacity 2089K, committed 2176K, reserved 1048576K
Event: 1,219 GC heap after
Heap after GC invocations=1 (full 0):
 PSYoungGen      total 36864K, used 3984K [0x00000000d7200000, 0x00000000d9b00000, 0x0000000100000000)
  eden space 31744K, 0% used [0x00000000d7200000,0x00000000d7200000,0x00000000d9100000)
  from space 5120K, 77% used [0x00000000d9100000,0x00000000d94e4010,0x00000000d9600000)
  to   space 5120K, 0% used [0x00000000d9600000,0x00000000d9600000,0x00000000d9b00000)
 ParOldGen       total 84992K, used 7298K [0x0000000085600000, 0x000000008a900000, 0x00000000d7200000)
  object space 84992K, 8% used [0x0000000085600000,0x0000000085d20b20,0x000000008a900000)
 Metaspace       used 13946K, capacity 14486K, committed 14720K, reserved 1062912K
  class space    used 1935K, capacity 2089K, committed 2176K, reserved 1048576K
}
Event: 15,794 GC heap before
{Heap before GC invocations=2 (full 0):
 PSYoungGen      total 36864K, used 35728K [0x00000000d7200000, 0x00000000d9b00000, 0x0000000100000000)
  eden space 31744K, 100% used [0x00000000d7200000,0x00000000d9100000,0x00000000d9100000)
  from space 5120K, 77% used [0x00000000d9100000,0x00000000d94e4010,0x00000000d9600000)
  to   space 5120K, 0% used [0x00000000d9600000,0x00000000d9600000,0x00000000d9b00000)
 ParOldGen       total 84992K, used 7298K [0x0000000085600000, 0x000000008a900000, 0x00000000d7200000)
  object space 84992K, 8% used [0x0000000085600000,0x0000000085d20b20,0x000000008a900000)
 Metaspace       used 18783K, capacity 19552K, committed 19840K, reserved 1067008K
  class space    used 2694K, capacity 2902K, committed 2944K, reserved 1048576K
Event: 15,806 GC heap after
Heap after GC invocations=2 (full 0):
 PSYoungGen      total 36864K, used 5109K [0x00000000d7200000, 0x00000000d9b00000, 0x0000000100000000)
  eden space 31744K, 0% used [0x00000000d7200000,0x00000000d7200000,0x00000000d9100000)
  from space 5120K, 99% used [0x00000000d9600000,0x00000000d9afd680,0x00000000d9b00000)
  to   space 5120K, 0% used [0x00000000d9100000,0x00000000d9100000,0x00000000d9600000)
 ParOldGen       total 84992K, used 43961K [0x0000000085600000, 0x000000008a900000, 0x00000000d7200000)
  object space 84992K, 51% used [0x0000000085600000,0x00000000880ee558,0x000000008a900000)
 Metaspace       used 18783K, capacity 19552K, committed 19840K, reserved 1067008K
  class space    used 2694K, capacity 2902K, committed 2944K, reserved 1048576K
}
Event: 15,806 GC heap before
{Heap before GC invocations=3 (full 1):
 PSYoungGen      total 36864K, used 5109K [0x00000000d7200000, 0x00000000d9b00000, 0x0000000100000000)
  eden space 31744K, 0% used [0x00000000d7200000,0x00000000d7200000,0x00000000d9100000)
  from space 5120K, 99% used [0x00000000d9600000,0x00000000d9afd680,0x00000000d9b00000)
  to   space 5120K, 0% used [0x00000000d9100000,0x00000000d9100000,0x00000000d9600000)
 ParOldGen       total 84992K, used 43961K [0x0000000085600000, 0x000000008a900000, 0x00000000d7200000)
  object space 84992K, 51% used [0x0000000085600000,0x00000000880ee558,0x000000008a900000)
 Metaspace       used 18783K, capacity 19552K, committed 19840K, reserved 1067008K
  class space    used 2694K, capacity 2902K, committed 2944K, reserved 1048576K
Event: 15,833 GC heap after
Heap after GC invocations=3 (full 1):
 PSYoungGen      total 36864K, used 0K [0x00000000d7200000, 0x00000000d9b00000, 0x0000000100000000)
  eden space 31744K, 0% used [0x00000000d7200000,0x00000000d7200000,0x00000000d9100000)
  from space 5120K, 0% used [0x00000000d9600000,0x00000000d9600000,0x00000000d9b00000)
  to   space 5120K, 0% used [0x00000000d9100000,0x00000000d9100000,0x00000000d9600000)
 ParOldGen       total 106496K, used 30666K [0x0000000085600000, 0x000000008be00000, 0x00000000d7200000)
  object space 106496K, 28% used [0x0000000085600000,0x00000000873f2bb0,0x000000008be00000)
 Metaspace       used 18783K, capacity 19552K, committed 19840K, reserved 1067008K
  class space    used 2694K, capacity 2902K, committed 2944K, reserved 1048576K
}

