# JRE version: Java(TM) SE Runtime Environment (8.0_111-b14) (build 1.8.0_111-b14)
# Java VM: Java HotSpot(TM) 64-Bit Server VM (25.111-b14 mixed mode linux-amd64 compressed oops)
Heap:
 PSYoungGen      total 36864K, used 31475K [0x00000000d7200000, 0x00000000d9b00000, 0x0000000100000000)
  eden space 31744K, 83% used [0x00000000d7200000,0x00000000d8bbf900,0x00000000d9100000)
  from space 5120K, 99% used [0x00000000d9600000,0x00000000d9afd6b0,0x00000000d9b00000)
  to   space 5120K, 0% used [0x00000000d9100000,0x00000000d9100000,0x00000000d9600000)
 ParOldGen       total 84992K, used 42390K [0x0000000085600000, 0x000000008a900000, 0x00000000d7200000)
  object space 84992K, 49% used [0x0000000085600000,0x0000000087f65980,0x000000008a900000)
 Metaspace       used 18283K, capacity 18996K, committed 19200K, reserved 1064960K
  class space    used 2604K, capacity 2792K, committed 2816K, reserved 1048576K
GC Heap History (4 events):
Event: 13,674 GC heap before
{Heap before GC invocations=1 (full 0):
 PSYoungGen      total 36864K, used 31744K [0x00000000d7200000, 0x00000000d9b00000, 0x0000000100000000)
  eden space 31744K, 100% used [0x00000000d7200000,0x00000000d9100000,0x00000000d9100000)
  from space 5120K, 0% used [0x00000000d9600000,0x00000000d9600000,0x00000000d9b00000)
  to   space 5120K, 0% used [0x00000000d9100000,0x00000000d9100000,0x00000000d9600000)
 ParOldGen       total 84992K, used 0K [0x0000000085600000, 0x000000008a900000, 0x00000000d7200000)
  object space 84992K, 0% used [0x0000000085600000,0x0000000085600000,0x000000008a900000)
 Metaspace       used 13976K, capacity 14502K, committed 14720K, reserved 1062912K
  class space    used 1939K, capacity 2089K, committed 2176K, reserved 1048576K
Event: 13,703 GC heap after
Heap after GC invocations=1 (full 0):
 PSYoungGen      total 36864K, used 3904K [0x00000000d7200000, 0x00000000d9b00000, 0x0000000100000000)
  eden space 31744K, 0% used [0x00000000d7200000,0x00000000d7200000,0x00000000d9100000)
  from space 5120K, 76% used [0x00000000d9100000,0x00000000d94d0020,0x00000000d9600000)
  to   space 5120K, 0% used [0x00000000d9600000,0x00000000d9600000,0x00000000d9b00000)
 ParOldGen       total 84992K, used 7298K [0x0000000085600000, 0x000000008a900000, 0x00000000d7200000)
  object space 84992K, 8% used [0x0000000085600000,0x0000000085d20b20,0x000000008a900000)
 Metaspace       used 13976K, capacity 14502K, committed 14720K, reserved 1062912K
  class space    used 1939K, capacity 2089K, committed 2176K, reserved 1048576K
}
Event: 22,687 GC heap before
{Heap before GC invocations=2 (full 0):
 PSYoungGen      total 36864K, used 31329K [0x00000000d7200000, 0x00000000d9b00000, 0x0000000100000000)
  eden space 31744K, 86% used [0x00000000d7200000,0x00000000d8cc83e8,0x00000000d9100000)
  from space 5120K, 76% used [0x00000000d9100000,0x00000000d94d0020,0x00000000d9600000)
  to   space 5120K, 0% used [0x00000000d9600000,0x00000000d9600000,0x00000000d9b00000)
 ParOldGen       total 84992K, used 7298K [0x0000000085600000, 0x000000008a900000, 0x00000000d7200000)
  object space 84992K, 8% used [0x0000000085600000,0x0000000085d20b20,0x000000008a900000)
 Metaspace       used 17593K, capacity 18274K, committed 18432K, reserved 1064960K
  class space    used 2594K, capacity 2781K, committed 2816K, reserved 1048576K
Event: 22,703 GC heap after
Heap after GC invocations=2 (full 0):
 PSYoungGen      total 36864K, used 5109K [0x00000000d7200000, 0x00000000d9b00000, 0x0000000100000000)
  eden space 31744K, 0% used [0x00000000d7200000,0x00000000d7200000,0x00000000d9100000)
  from space 5120K, 99% used [0x00000000d9600000,0x00000000d9afd6b0,0x00000000d9b00000)
  to   space 5120K, 0% used [0x00000000d9100000,0x00000000d9100000,0x00000000d9600000)
 ParOldGen       total 84992K, used 42390K [0x0000000085600000, 0x000000008a900000, 0x00000000d7200000)
  object space 84992K, 49% used [0x0000000085600000,0x0000000087f65980,0x000000008a900000)
 Metaspace       used 17593K, capacity 18274K, committed 18432K, reserved 1064960K
  class space    used 2594K, capacity 2781K, committed 2816K, reserved 1048576K
}

