# JRE version: Java(TM) SE Runtime Environment (8.0_111-b14) (build 1.8.0_111-b14)
# Java VM: Java HotSpot(TM) 64-Bit Server VM (25.111-b14 mixed mode linux-amd64 compressed oops)
Heap:
 PSYoungGen      total 36864K, used 5730K [0x00000000d7200000, 0x00000000d9b00000, 0x0000000100000000)
  eden space 31744K, 18% used [0x00000000d7200000,0x00000000d7798b20,0x00000000d9100000)
  from space 5120K, 0% used [0x00000000d9100000,0x00000000d9100000,0x00000000d9600000)
  to   space 5120K, 0% used [0x00000000d9600000,0x00000000d9600000,0x00000000d9b00000)
 ParOldGen       total 113152K, used 31071K [0x0000000085600000, 0x000000008c480000, 0x00000000d7200000)
  object space 113152K, 27% used [0x0000000085600000,0x0000000087457df0,0x000000008c480000)
 Metaspace       used 21281K, capacity 22026K, committed 22400K, reserved 1069056K
  class space    used 2950K, capacity 3125K, committed 3200K, reserved 1048576K
GC Heap History (8 events):
Event: 0,813 GC heap before
{Heap before GC invocations=1 (full 0):
 PSYoungGen      total 36864K, used 31744K [0x00000000d7200000, 0x00000000d9b00000, 0x0000000100000000)
  eden space 31744K, 100% used [0x00000000d7200000,0x00000000d9100000,0x00000000d9100000)
  from space 5120K, 0% used [0x00000000d9600000,0x00000000d9600000,0x00000000d9b00000)
  to   space 5120K, 0% used [0x00000000d9100000,0x00000000d9100000,0x00000000d9600000)
 ParOldGen       total 84992K, used 0K [0x0000000085600000, 0x000000008a900000, 0x00000000d7200000)
  object space 84992K, 0% used [0x0000000085600000,0x0000000085600000,0x000000008a900000)
 Metaspace       used 13975K, capacity 14486K, committed 14720K, reserved 1062912K
  class space    used 1939K, capacity 2089K, committed 2176K, reserved 1048576K
Event: 0,821 GC heap after
Heap after GC invocations=1 (full 0):
 PSYoungGen      total 36864K, used 3920K [0x00000000d7200000, 0x00000000d9b00000, 0x0000000100000000)
  eden space 31744K, 0% used [0x00000000d7200000,0x00000000d7200000,0x00000000d9100000)
  from space 5120K, 76% used [0x00000000d9100000,0x00000000d94d4010,0x00000000d9600000)
  to   space 5120K, 0% used [0x00000000d9600000,0x00000000d9600000,0x00000000d9b00000)
 ParOldGen       total 84992K, used 7298K [0x0000000085600000, 0x000000008a900000, 0x00000000d7200000)
  object space 84992K, 8% used [0x0000000085600000,0x0000000085d20b20,0x000000008a900000)
 Metaspace       used 13975K, capacity 14486K, committed 14720K, reserved 1062912K
  class space    used 1939K, capacity 2089K, committed 2176K, reserved 1048576K
}
Event: 14,241 GC heap before
{Heap before GC invocations=2 (full 0):
 PSYoungGen      total 36864K, used 35664K [0x00000000d7200000, 0x00000000d9b00000, 0x0000000100000000)
  eden space 31744K, 100% used [0x00000000d7200000,0x00000000d9100000,0x00000000d9100000)
  from space 5120K, 76% used [0x00000000d9100000,0x00000000d94d4010,0x00000000d9600000)
  to   space 5120K, 0% used [0x00000000d9600000,0x00000000d9600000,0x00000000d9b00000)
 ParOldGen       total 84992K, used 7298K [0x0000000085600000, 0x000000008a900000, 0x00000000d7200000)
  object space 84992K, 8% used [0x0000000085600000,0x0000000085d20b20,0x000000008a900000)
 Metaspace       used 18954K, capacity 19716K, committed 19840K, reserved 1067008K
  class space    used 2714K, capacity 2892K, committed 2944K, reserved 1048576K
Event: 14,254 GC heap after
Heap after GC invocations=2 (full 0):
 PSYoungGen      total 36864K, used 5106K [0x00000000d7200000, 0x00000000d9b00000, 0x0000000100000000)
  eden space 31744K, 0% used [0x00000000d7200000,0x00000000d7200000,0x00000000d9100000)
  from space 5120K, 99% used [0x00000000d9600000,0x00000000d9afc8e0,0x00000000d9b00000)
  to   space 5120K, 0% used [0x00000000d9100000,0x00000000d9100000,0x00000000d9600000)
 ParOldGen       total 84992K, used 42392K [0x0000000085600000, 0x000000008a900000, 0x00000000d7200000)
  object space 84992K, 49% used [0x0000000085600000,0x0000000087f66218,0x000000008a900000)
 Metaspace       used 18954K, capacity 19716K, committed 19840K, reserved 1067008K
  class space    used 2714K, capacity 2892K, committed 2944K, reserved 1048576K
}
Event: 15,162 GC heap before
{Heap before GC invocations=3 (full 0):
 PSYoungGen      total 36864K, used 9770K [0x00000000d7200000, 0x00000000d9b00000, 0x0000000100000000)
  eden space 31744K, 14% used [0x00000000d7200000,0x00000000d768df28,0x00000000d9100000)
  from space 5120K, 99% used [0x00000000d9600000,0x00000000d9afc8e0,0x00000000d9b00000)
  to   space 5120K, 0% used [0x00000000d9100000,0x00000000d9100000,0x00000000d9600000)
 ParOldGen       total 84992K, used 42392K [0x0000000085600000, 0x000000008a900000, 0x00000000d7200000)
  object space 84992K, 49% used [0x0000000085600000,0x0000000087f66218,0x000000008a900000)
 Metaspace       used 20437K, capacity 21178K, committed 21248K, reserved 1067008K
  class space    used 2873K, capacity 3059K, committed 3072K, reserved 1048576K
Event: 15,176 GC heap after
Heap after GC invocations=3 (full 0):
 PSYoungGen      total 36864K, used 5113K [0x00000000d7200000, 0x00000000d9b00000, 0x0000000100000000)
  eden space 31744K, 0% used [0x00000000d7200000,0x00000000d7200000,0x00000000d9100000)
  from space 5120K, 99% used [0x00000000d9100000,0x00000000d95fe450,0x00000000d9600000)
  to   space 5120K, 0% used [0x00000000d9600000,0x00000000d9600000,0x00000000d9b00000)
 ParOldGen       total 84992K, used 43299K [0x0000000085600000, 0x000000008a900000, 0x00000000d7200000)
  object space 84992K, 50% used [0x0000000085600000,0x0000000088048d38,0x000000008a900000)
 Metaspace       used 20437K, capacity 21178K, committed 21248K, reserved 1067008K
  class space    used 2873K, capacity 3059K, committed 3072K, reserved 1048576K
}
Event: 15,176 GC heap before
{Heap before GC invocations=4 (full 1):
 PSYoungGen      total 36864K, used 5113K [0x00000000d7200000, 0x00000000d9b00000, 0x0000000100000000)
  eden space 31744K, 0% used [0x00000000d7200000,0x00000000d7200000,0x00000000d9100000)
  from space 5120K, 99% used [0x00000000d9100000,0x00000000d95fe450,0x00000000d9600000)
  to   space 5120K, 0% used [0x00000000d9600000,0x00000000d9600000,0x00000000d9b00000)
 ParOldGen       total 84992K, used 43299K [0x0000000085600000, 0x000000008a900000, 0x00000000d7200000)
  object space 84992K, 50% used [0x0000000085600000,0x0000000088048d38,0x000000008a900000)
 Metaspace       used 20437K, capacity 21178K, committed 21248K, reserved 1067008K
  class space    used 2873K, capacity 3059K, committed 3072K, reserved 1048576K
Event: 15,216 GC heap after
Heap after GC invocations=4 (full 1):
 PSYoungGen      total 36864K, used 0K [0x00000000d7200000, 0x00000000d9b00000, 0x0000000100000000)
  eden space 31744K, 0% used [0x00000000d7200000,0x00000000d7200000,0x00000000d9100000)
  from space 5120K, 0% used [0x00000000d9100000,0x00000000d9100000,0x00000000d9600000)
  to   space 5120K, 0% used [0x00000000d9600000,0x00000000d9600000,0x00000000d9b00000)
 ParOldGen       total 113152K, used 31071K [0x0000000085600000, 0x000000008c480000, 0x00000000d7200000)
  object space 113152K, 27% used [0x0000000085600000,0x0000000087457df0,0x000000008c480000)
 Metaspace       used 20437K, capacity 21178K, committed 21248K, reserved 1067008K
  class space    used 2873K, capacity 3059K, committed 3072K, reserved 1048576K
}

