# JRE version: Java(TM) SE Runtime Environment (8.0_111-b14) (build 1.8.0_111-b14)
# Java VM: Java HotSpot(TM) 64-Bit Server VM (25.111-b14 mixed mode linux-amd64 compressed oops)
Heap:
 PSYoungGen      total 36864K, used 12991K [0x00000000d7200000, 0x00000000d9b00000, 0x0000000100000000)
  eden space 31744K, 40% used [0x00000000d7200000,0x00000000d7eaff40,0x00000000d9100000)
  from space 5120K, 0% used [0x00000000d9100000,0x00000000d9100000,0x00000000d9600000)
  to   space 5120K, 0% used [0x00000000d9600000,0x00000000d9600000,0x00000000d9b00000)
 ParOldGen       total 107008K, used 40137K [0x0000000085600000, 0x000000008be80000, 0x00000000d7200000)
  object space 107008K, 37% used [0x0000000085600000,0x0000000087d32768,0x000000008be80000)
 Metaspace       used 22433K, capacity 23416K, committed 23552K, reserved 1069056K
  class space    used 3047K, capacity 3296K, committed 3328K, reserved 1048576K
GC Heap History (8 events):
Event: 0,803 GC heap before
{Heap before GC invocations=1 (full 0):
 PSYoungGen      total 36864K, used 31744K [0x00000000d7200000, 0x00000000d9b00000, 0x0000000100000000)
  eden space 31744K, 100% used [0x00000000d7200000,0x00000000d9100000,0x00000000d9100000)
  from space 5120K, 0% used [0x00000000d9600000,0x00000000d9600000,0x00000000d9b00000)
  to   space 5120K, 0% used [0x00000000d9100000,0x00000000d9100000,0x00000000d9600000)
 ParOldGen       total 84992K, used 0K [0x0000000085600000, 0x000000008a900000, 0x00000000d7200000)
  object space 84992K, 0% used [0x0000000085600000,0x0000000085600000,0x000000008a900000)
 Metaspace       used 13937K, capacity 14494K, committed 14720K, reserved 1062912K
  class space    used 1935K, capacity 2089K, committed 2176K, reserved 1048576K
Event: 0,811 GC heap after
Heap after GC invocations=1 (full 0):
 PSYoungGen      total 36864K, used 3968K [0x00000000d7200000, 0x00000000d9b00000, 0x0000000100000000)
  eden space 31744K, 0% used [0x00000000d7200000,0x00000000d7200000,0x00000000d9100000)
  from space 5120K, 77% used [0x00000000d9100000,0x00000000d94e0000,0x00000000d9600000)
  to   space 5120K, 0% used [0x00000000d9600000,0x00000000d9600000,0x00000000d9b00000)
 ParOldGen       total 84992K, used 7298K [0x0000000085600000, 0x000000008a900000, 0x00000000d7200000)
  object space 84992K, 8% used [0x0000000085600000,0x0000000085d20b20,0x000000008a900000)
 Metaspace       used 13937K, capacity 14494K, committed 14720K, reserved 1062912K
  class space    used 1935K, capacity 2089K, committed 2176K, reserved 1048576K
}
Event: 3,043 GC heap before
{Heap before GC invocations=2 (full 0):
 PSYoungGen      total 36864K, used 31333K [0x00000000d7200000, 0x00000000d9b00000, 0x0000000100000000)
  eden space 31744K, 86% used [0x00000000d7200000,0x00000000d8cb9438,0x00000000d9100000)
  from space 5120K, 77% used [0x00000000d9100000,0x00000000d94e0000,0x00000000d9600000)
  to   space 5120K, 0% used [0x00000000d9600000,0x00000000d9600000,0x00000000d9b00000)
 ParOldGen       total 84992K, used 7298K [0x0000000085600000, 0x000000008a900000, 0x00000000d7200000)
  object space 84992K, 8% used [0x0000000085600000,0x0000000085d20b20,0x000000008a900000)
 Metaspace       used 17616K, capacity 18298K, committed 18432K, reserved 1064960K
  class space    used 2602K, capacity 2785K, committed 2816K, reserved 1048576K
Event: 3,064 GC heap after
Heap after GC invocations=2 (full 0):
 PSYoungGen      total 36864K, used 5103K [0x00000000d7200000, 0x00000000d9b00000, 0x0000000100000000)
  eden space 31744K, 0% used [0x00000000d7200000,0x00000000d7200000,0x00000000d9100000)
  from space 5120K, 99% used [0x00000000d9600000,0x00000000d9afbc90,0x00000000d9b00000)
  to   space 5120K, 0% used [0x00000000d9100000,0x00000000d9100000,0x00000000d9600000)
 ParOldGen       total 84992K, used 41507K [0x0000000085600000, 0x000000008a900000, 0x00000000d7200000)
  object space 84992K, 48% used [0x0000000085600000,0x0000000087e88e00,0x000000008a900000)
 Metaspace       used 17616K, capacity 18298K, committed 18432K, reserved 1064960K
  class space    used 2602K, capacity 2785K, committed 2816K, reserved 1048576K
}
Event: 43,087 GC heap before
{Heap before GC invocations=3 (full 0):
 PSYoungGen      total 36864K, used 36847K [0x00000000d7200000, 0x00000000d9b00000, 0x0000000100000000)
  eden space 31744K, 100% used [0x00000000d7200000,0x00000000d9100000,0x00000000d9100000)
  from space 5120K, 99% used [0x00000000d9600000,0x00000000d9afbc90,0x00000000d9b00000)
  to   space 5120K, 0% used [0x00000000d9100000,0x00000000d9100000,0x00000000d9600000)
 ParOldGen       total 84992K, used 41507K [0x0000000085600000, 0x000000008a900000, 0x00000000d7200000)
  object space 84992K, 48% used [0x0000000085600000,0x0000000087e88e00,0x000000008a900000)
 Metaspace       used 19935K, capacity 20764K, committed 20992K, reserved 1067008K
  class space    used 2783K, capacity 3020K, committed 3072K, reserved 1048576K
Event: 43,099 GC heap after
Heap after GC invocations=3 (full 0):
 PSYoungGen      total 36864K, used 5105K [0x00000000d7200000, 0x00000000d9b00000, 0x0000000100000000)
  eden space 31744K, 0% used [0x00000000d7200000,0x00000000d7200000,0x00000000d9100000)
  from space 5120K, 99% used [0x00000000d9100000,0x00000000d95fc670,0x00000000d9600000)
  to   space 5120K, 0% used [0x00000000d9600000,0x00000000d9600000,0x00000000d9b00000)
 ParOldGen       total 84992K, used 59825K [0x0000000085600000, 0x000000008a900000, 0x00000000d7200000)
  object space 84992K, 70% used [0x0000000085600000,0x000000008906c720,0x000000008a900000)
 Metaspace       used 19935K, capacity 20764K, committed 20992K, reserved 1067008K
  class space    used 2783K, capacity 3020K, committed 3072K, reserved 1048576K
}
Event: 43,099 GC heap before
{Heap before GC invocations=4 (full 1):
 PSYoungGen      total 36864K, used 5105K [0x00000000d7200000, 0x00000000d9b00000, 0x0000000100000000)
  eden space 31744K, 0% used [0x00000000d7200000,0x00000000d7200000,0x00000000d9100000)
  from space 5120K, 99% used [0x00000000d9100000,0x00000000d95fc670,0x00000000d9600000)
  to   space 5120K, 0% used [0x00000000d9600000,0x00000000d9600000,0x00000000d9b00000)
 ParOldGen       total 84992K, used 59825K [0x0000000085600000, 0x000000008a900000, 0x00000000d7200000)
  object space 84992K, 70% used [0x0000000085600000,0x000000008906c720,0x000000008a900000)
 Metaspace       used 19935K, capacity 20764K, committed 20992K, reserved 1067008K
  class space    used 2783K, capacity 3020K, committed 3072K, reserved 1048576K
Event: 43,138 GC heap after
Heap after GC invocations=4 (full 1):
 PSYoungGen      total 36864K, used 0K [0x00000000d7200000, 0x00000000d9b00000, 0x0000000100000000)
  eden space 31744K, 0% used [0x00000000d7200000,0x00000000d7200000,0x00000000d9100000)
  from space 5120K, 0% used [0x00000000d9100000,0x00000000d9100000,0x00000000d9600000)
  to   space 5120K, 0% used [0x00000000d9600000,0x00000000d9600000,0x00000000d9b00000)
 ParOldGen       total 107008K, used 40137K [0x0000000085600000, 0x000000008be80000, 0x00000000d7200000)
  object space 107008K, 37% used [0x0000000085600000,0x0000000087d32768,0x000000008be80000)
 Metaspace       used 19935K, capacity 20764K, committed 20992K, reserved 1067008K
  class space    used 2783K, capacity 3020K, committed 3072K, reserved 1048576K
}

